TN:t
SF:/Users/kwaltzbu/Projetcs/C4_s21_math-1/src/s21_abs.c
FN:3,s21_abs
FNDA:2,s21_abs
FNF:1
FNH:1
DA:3,2
LF:1
LH:1
end_of_record
TN:t
SF:/Users/kwaltzbu/Projetcs/C4_s21_math-1/src/s21_acos.c
FN:3,s21_acos
FNDA:24,s21_acos
FNF:1
FNH:1
DA:3,24
DA:4,24
DA:5,24
DA:6,2
DA:8,22
DA:10,24
LF:6
LH:6
end_of_record
TN:t
SF:/Users/kwaltzbu/Projetcs/C4_s21_math-1/src/s21_asin.c
FN:3,s21_asin
FNDA:24,s21_asin
FNF:1
FNH:1
DA:3,24
DA:4,24
DA:6,24
DA:7,2
DA:9,22
DA:10,24
LF:6
LH:6
end_of_record
TN:t
SF:/Users/kwaltzbu/Projetcs/C4_s21_math-1/src/s21_atan.c
FN:5,s21_atan
FNDA:55,s21_atan
FN:21,s21_atan_taylor
FNDA:50,s21_atan_taylor
FNF:2
FNH:2
DA:5,55
DA:6,55
DA:7,55
DA:8,5
DA:9,50
DA:10,2
DA:11,48
DA:12,3
DA:13,45
DA:14,26
DA:16,19
DA:18,55
DA:21,50
DA:22,50
DA:23,50
DA:24,50
DA:25,50
DA:26,10480074
DA:27,10480024
DA:28,10480024
DA:29,10480024
DA:30,10480024
DA:31,10480024
DA:32,10480024
DA:34,50
LF:25
LH:25
end_of_record
TN:t
SF:/Users/kwaltzbu/Projetcs/C4_s21_math-1/src/s21_ceil.c
FN:3,s21_ceil
FNDA:110003,s21_ceil
FNF:1
FNH:1
DA:3,110003
DA:4,110003
DA:6,110003
DA:7,1
DA:8,110002
DA:9,110000
DA:10,110000
DA:11,100000
DA:13,2
DA:15,110003
LF:10
LH:10
end_of_record
TN:t
SF:/Users/kwaltzbu/Projetcs/C4_s21_math-1/src/s21_cos.c
FN:3,s21_cos
FNDA:4008,s21_cos
FNF:1
FNH:1
DA:3,4008
DA:4,4008
DA:5,4008
DA:6,6
DA:8,33878
DA:9,29876
DA:10,14938
DA:12,14938
DA:14,604302
DA:15,600300
DA:18,4008
LF:11
LH:11
end_of_record
TN:t
SF:/Users/kwaltzbu/Projetcs/C4_s21_math-1/src/s21_exp.c
FN:3,s21_exp
FNDA:4121627,s21_exp
FNF:1
FNH:1
DA:3,4121627
DA:4,4121627
DA:5,4121627
DA:6,4121627
DA:7,4121627
DA:8,4121627
DA:9,4121627
DA:10,65757580
DA:12,61635953
DA:13,61635953
DA:14,61635953
DA:15,61635953
DA:17,61635953
DA:19,4121627
DA:20,4121627
LF:15
LH:15
end_of_record
TN:t
SF:/Users/kwaltzbu/Projetcs/C4_s21_math-1/src/s21_fabs.c
FN:3,s21_fabs
FNDA:81912194,s21_fabs
FNF:1
FNH:1
DA:3,81912194
LF:1
LH:1
end_of_record
TN:t
SF:/Users/kwaltzbu/Projetcs/C4_s21_math-1/src/s21_factorial.c
FN:3,s21_factorial
FNDA:180690300,s21_factorial
FNF:1
FNH:1
DA:3,180690300
DA:4,180690300
LF:2
LH:2
end_of_record
TN:t
SF:/Users/kwaltzbu/Projetcs/C4_s21_math-1/src/s21_floor.c
FN:3,s21_floor
FNDA:110003,s21_floor
FNF:1
FNH:1
DA:3,110003
DA:4,110003
DA:5,110003
DA:6,3
DA:7,110000
DA:8,9999
DA:10,110003
LF:7
LH:7
end_of_record
TN:t
SF:/Users/kwaltzbu/Projetcs/C4_s21_math-1/src/s21_fmax.c
FN:3,s21_max
FNDA:143,s21_max
FNF:1
FNH:1
DA:3,143
LF:1
LH:1
end_of_record
TN:t
SF:/Users/kwaltzbu/Projetcs/C4_s21_math-1/src/s21_fmod.c
FN:3,s21_fmod
FNDA:294307,s21_fmod
FN:16,s21_fdiv
FNDA:0,s21_fdiv
FNF:2
FNH:1
DA:3,294307
DA:4,294307
DA:5,294307
DA:6,0
DA:7,294307
DA:8,2
DA:9,294305
DA:10,294305
DA:12,0
DA:14,294307
DA:16,0
LF:11
LH:8
end_of_record
TN:t
SF:/Users/kwaltzbu/Projetcs/C4_s21_math-1/src/s21_isInt.c
FN:3,s21_isInt
FNDA:500,s21_isInt
FNF:1
FNH:1
DA:3,500
LF:1
LH:1
end_of_record
TN:t
SF:/Users/kwaltzbu/Projetcs/C4_s21_math-1/src/s21_isNan.c
FN:3,s21_isNan
FNDA:241859,s21_isNan
FNF:1
FNH:1
DA:3,241859
LF:1
LH:1
end_of_record
TN:t
SF:/Users/kwaltzbu/Projetcs/C4_s21_math-1/src/s21_log.c
FN:3,s21_log
FNDA:10306,s21_log
FNF:1
FNH:1
DA:3,10306
DA:4,10306
DA:5,10306
DA:7,10306
DA:8,2
DA:9,10304
DA:10,1
DA:11,10303
DA:12,10302
DA:13,64135
DA:14,53833
DA:15,53833
DA:18,2070702
DA:19,2060400
DA:20,2060400
DA:23,1
DA:24,1
DA:26,0
DA:27,0
DA:29,10306
LF:20
LH:18
end_of_record
TN:t
SF:/Users/kwaltzbu/Projetcs/C4_s21_math-1/src/s21_nan.c
FN:3,S21_NAN
FNDA:523,S21_NAN
FNF:1
FNH:1
DA:3,523
LF:1
LH:1
end_of_record
TN:t
SF:/Users/kwaltzbu/Projetcs/C4_s21_math-1/src/s21_pow.c
FN:3,s21_pow
FNDA:1016,s21_pow
FNF:1
FNH:1
DA:3,1016
DA:4,1016
DA:5,1016
DA:6,1016
DA:7,0
DA:8,1016
DA:9,110
DA:10,906
DA:11,102
DA:12,804
DA:13,302
DA:14,502
DA:15,2
DA:16,500
DA:17,500
DA:19,0
DA:20,0
DA:21,0
DA:23,1016
LF:19
LH:15
end_of_record
TN:t
SF:/Users/kwaltzbu/Projetcs/C4_s21_math-1/src/s21_powi.c
FN:5,s21_powi
FNDA:12881227,s21_powi
FNF:1
FNH:1
DA:5,12881227
DA:6,12881227
DA:8,12881227
DA:10,425080491
DA:11,412199264
DA:12,412199264
DA:14,12881227
LF:7
LH:7
end_of_record
TN:t
SF:/Users/kwaltzbu/Projetcs/C4_s21_math-1/src/s21_sin.c
FN:3,s21_sin
FNDA:4008,s21_sin
FNF:1
FNH:1
DA:3,4008
DA:4,4008
DA:5,4008
DA:6,6
DA:8,33878
DA:9,29876
DA:10,14938
DA:12,14938
DA:14,604302
DA:15,600300
DA:16,600300
DA:20,4008
LF:12
LH:12
end_of_record
TN:t
SF:/Users/kwaltzbu/Projetcs/C4_s21_math-1/src/s21_singl.c
FN:3,s21_signl
FNDA:4121629,s21_signl
FNF:1
FNH:1
DA:3,4121629
LF:1
LH:1
end_of_record
TN:t
SF:/Users/kwaltzbu/Projetcs/C4_s21_math-1/src/s21_sqrt.c
FN:3,s21_sqrt
FNDA:147,s21_sqrt
FNF:1
FNH:1
DA:3,147
DA:4,147
DA:5,147
DA:6,143
DA:7,143
DA:8,143
DA:9,3407
DA:10,3264
DA:11,1719
DA:13,1545
DA:15,3264
DA:18,4
DA:20,147
LF:13
LH:13
end_of_record
TN:t
SF:/Users/kwaltzbu/Projetcs/C4_s21_math-1/src/s21_tan.c
FN:3,s21_tan
FNDA:2004,s21_tan
FNF:1
FNH:1
DA:3,2004
LF:1
LH:1
end_of_record
